2024-05-02 15:19:28,762:INFO: Epoch: 1 - loss: 1.7460681585 - test_loss: 1.5103588104
2024-05-02 15:19:28,772:INFO: -------- Save Best Model! --------
2024-05-02 15:19:30,956:INFO: Epoch: 2 - loss: 1.4695063673 - test_loss: 1.3838504553
2024-05-02 15:19:30,959:INFO: -------- Save Best Model! --------
2024-05-02 15:19:33,395:INFO: Epoch: 3 - loss: 1.3411530477 - test_loss: 1.2539649010
2024-05-02 15:19:33,400:INFO: -------- Save Best Model! --------
2024-05-02 15:19:35,733:INFO: Epoch: 4 - loss: 1.2530130801 - test_loss: 1.1638481617
2024-05-02 15:19:35,739:INFO: -------- Save Best Model! --------
2024-05-02 15:19:38,029:INFO: Epoch: 5 - loss: 1.1721058558 - test_loss: 1.1026325226
2024-05-02 15:19:38,035:INFO: -------- Save Best Model! --------
2024-05-02 15:19:40,453:INFO: Epoch: 6 - loss: 1.1072002564 - test_loss: 1.0406999588
2024-05-02 15:19:40,459:INFO: -------- Save Best Model! --------
2024-05-02 15:19:42,716:INFO: Epoch: 7 - loss: 1.0527002575 - test_loss: 0.9857793450
2024-05-02 15:19:42,721:INFO: -------- Save Best Model! --------
2024-05-02 15:19:45,134:INFO: Epoch: 8 - loss: 1.0198002326 - test_loss: 0.9811463356
2024-05-02 15:19:45,140:INFO: -------- Save Best Model! --------
2024-05-02 15:19:47,487:INFO: Epoch: 9 - loss: 0.9795180679 - test_loss: 0.9432037473
2024-05-02 15:19:47,493:INFO: -------- Save Best Model! --------
2024-05-02 15:19:49,909:INFO: Epoch: 10 - loss: 0.9466588099 - test_loss: 0.9494305849
2024-05-02 15:19:49,910:INFO: Early Stop Left: 9
2024-05-02 15:19:52,269:INFO: Epoch: 11 - loss: 0.9261261006 - test_loss: 0.8970028162
2024-05-02 15:19:52,275:INFO: -------- Save Best Model! --------
2024-05-02 15:19:54,651:INFO: Epoch: 12 - loss: 0.8996458951 - test_loss: 0.8697226048
2024-05-02 15:19:54,657:INFO: -------- Save Best Model! --------
2024-05-02 15:19:57,049:INFO: Epoch: 13 - loss: 0.8787796528 - test_loss: 0.8427612782
2024-05-02 15:19:57,055:INFO: -------- Save Best Model! --------
2024-05-02 15:19:59,404:INFO: Epoch: 14 - loss: 0.8552708007 - test_loss: 0.8307573795
2024-05-02 15:19:59,410:INFO: -------- Save Best Model! --------
2024-05-02 15:20:01,730:INFO: Epoch: 15 - loss: 0.8455799723 - test_loss: 0.8243734837
2024-05-02 15:20:01,736:INFO: -------- Save Best Model! --------
2024-05-02 15:20:03,992:INFO: Epoch: 16 - loss: 0.8228561775 - test_loss: 0.8077680469
2024-05-02 15:20:03,999:INFO: -------- Save Best Model! --------
2024-05-02 15:20:06,377:INFO: Epoch: 17 - loss: 0.8120420653 - test_loss: 0.8010181189
2024-05-02 15:20:06,383:INFO: -------- Save Best Model! --------
2024-05-02 15:20:08,791:INFO: Epoch: 18 - loss: 0.7949639405 - test_loss: 0.7754359841
2024-05-02 15:20:08,796:INFO: -------- Save Best Model! --------
2024-05-02 15:20:11,119:INFO: Epoch: 19 - loss: 0.7836337568 - test_loss: 0.7718033791
2024-05-02 15:20:11,125:INFO: -------- Save Best Model! --------
2024-05-02 15:20:13,531:INFO: Epoch: 20 - loss: 0.7793848341 - test_loss: 0.7637844086
2024-05-02 15:20:13,537:INFO: -------- Save Best Model! --------
2024-05-02 15:20:15,811:INFO: Epoch: 21 - loss: 0.7689769405 - test_loss: 0.7509905100
2024-05-02 15:20:15,817:INFO: -------- Save Best Model! --------
2024-05-02 15:20:18,110:INFO: Epoch: 22 - loss: 0.7568062441 - test_loss: 0.7513496876
2024-05-02 15:20:18,110:INFO: Early Stop Left: 9
2024-05-02 15:20:20,420:INFO: Epoch: 23 - loss: 0.7376527087 - test_loss: 0.7330132723
2024-05-02 15:20:20,434:INFO: -------- Save Best Model! --------
2024-05-02 15:20:22,694:INFO: Epoch: 24 - loss: 0.7355265894 - test_loss: 0.7239208221
2024-05-02 15:20:22,700:INFO: -------- Save Best Model! --------
2024-05-02 15:20:25,128:INFO: Epoch: 25 - loss: 0.7309888407 - test_loss: 0.7220453024
2024-05-02 15:20:25,134:INFO: -------- Save Best Model! --------
2024-05-02 15:20:27,462:INFO: Epoch: 26 - loss: 0.7185481510 - test_loss: 0.7191258073
2024-05-02 15:20:27,466:INFO: -------- Save Best Model! --------
2024-05-02 15:20:29,914:INFO: Epoch: 27 - loss: 0.7136913339 - test_loss: 0.7213640213
2024-05-02 15:20:29,914:INFO: Early Stop Left: 9
2024-05-02 15:20:32,345:INFO: Epoch: 28 - loss: 0.7028632415 - test_loss: 0.7281016111
2024-05-02 15:20:32,345:INFO: Early Stop Left: 8
2024-05-02 15:20:34,614:INFO: Epoch: 29 - loss: 0.7051512703 - test_loss: 0.7025398016
2024-05-02 15:20:34,620:INFO: -------- Save Best Model! --------
2024-05-02 15:20:37,011:INFO: Epoch: 30 - loss: 0.6942885596 - test_loss: 0.7130970955
2024-05-02 15:20:37,011:INFO: Early Stop Left: 9
2024-05-02 15:20:39,303:INFO: Epoch: 31 - loss: 0.6883991069 - test_loss: 0.7030892968
2024-05-02 15:20:39,304:INFO: Early Stop Left: 8
2024-05-02 15:20:41,673:INFO: Epoch: 32 - loss: 0.6828934400 - test_loss: 0.7095059156
2024-05-02 15:20:41,673:INFO: Early Stop Left: 7
2024-05-02 15:20:44,150:INFO: Epoch: 33 - loss: 0.6764736345 - test_loss: 0.6950536966
2024-05-02 15:20:44,156:INFO: -------- Save Best Model! --------
2024-05-02 15:20:46,484:INFO: Epoch: 34 - loss: 0.6693756874 - test_loss: 0.6654568315
2024-05-02 15:20:46,490:INFO: -------- Save Best Model! --------
2024-05-02 15:20:48,938:INFO: Epoch: 35 - loss: 0.6698483501 - test_loss: 0.6904042959
2024-05-02 15:20:48,939:INFO: Early Stop Left: 9
2024-05-02 15:20:51,262:INFO: Epoch: 36 - loss: 0.6562451579 - test_loss: 0.6839464307
2024-05-02 15:20:51,262:INFO: Early Stop Left: 8
2024-05-02 15:20:53,666:INFO: Epoch: 37 - loss: 0.6587075333 - test_loss: 0.6759233475
2024-05-02 15:20:53,666:INFO: Early Stop Left: 7
2024-05-02 15:20:55,999:INFO: Epoch: 38 - loss: 0.6532210973 - test_loss: 0.6819350719
2024-05-02 15:20:55,999:INFO: Early Stop Left: 6
2024-05-02 15:20:58,371:INFO: Epoch: 39 - loss: 0.6433212586 - test_loss: 0.6752431393
2024-05-02 15:20:58,371:INFO: Early Stop Left: 5
2024-05-02 15:21:00,910:INFO: Epoch: 40 - loss: 0.6464050230 - test_loss: 0.6717159152
2024-05-02 15:21:00,910:INFO: Early Stop Left: 4
2024-05-02 15:21:03,182:INFO: Epoch: 41 - loss: 0.6402892468 - test_loss: 0.6678107381
2024-05-02 15:21:03,182:INFO: Early Stop Left: 3
2024-05-02 15:21:05,637:INFO: Epoch: 42 - loss: 0.6354932879 - test_loss: 0.6533537507
2024-05-02 15:21:05,644:INFO: -------- Save Best Model! --------
2024-05-02 15:21:07,962:INFO: Epoch: 43 - loss: 0.6252758822 - test_loss: 0.6484882236
2024-05-02 15:21:07,968:INFO: -------- Save Best Model! --------
2024-05-02 15:21:10,328:INFO: Epoch: 44 - loss: 0.6265719578 - test_loss: 0.6484050155
2024-05-02 15:21:10,335:INFO: -------- Save Best Model! --------
2024-05-02 15:21:12,742:INFO: Epoch: 45 - loss: 0.6206181349 - test_loss: 0.6373794675
2024-05-02 15:21:12,748:INFO: -------- Save Best Model! --------
2024-05-02 15:21:15,098:INFO: Epoch: 46 - loss: 0.6133337904 - test_loss: 0.6444297433
2024-05-02 15:21:15,099:INFO: Early Stop Left: 9
2024-05-02 15:21:17,526:INFO: Epoch: 47 - loss: 0.6186179101 - test_loss: 0.6350483894
2024-05-02 15:21:17,532:INFO: -------- Save Best Model! --------
2024-05-02 15:21:19,756:INFO: Epoch: 48 - loss: 0.6117023487 - test_loss: 0.6352287531
2024-05-02 15:21:19,756:INFO: Early Stop Left: 9
2024-05-02 15:21:22,209:INFO: Epoch: 49 - loss: 0.6081155825 - test_loss: 0.6336758137
2024-05-02 15:21:22,215:INFO: -------- Save Best Model! --------
2024-05-02 15:21:24,561:INFO: Epoch: 50 - loss: 0.6125901579 - test_loss: 0.6327685118
2024-05-02 15:21:24,566:INFO: -------- Save Best Model! --------
2024-05-02 15:21:26,844:INFO: Epoch: 51 - loss: 0.6096938810 - test_loss: 0.6404116154
2024-05-02 15:21:26,844:INFO: Early Stop Left: 9
2024-05-02 15:21:29,203:INFO: Epoch: 52 - loss: 0.6032418945 - test_loss: 0.6397362351
2024-05-02 15:21:29,203:INFO: Early Stop Left: 8
2024-05-02 15:21:31,518:INFO: Epoch: 53 - loss: 0.5936461753 - test_loss: 0.6407110691
2024-05-02 15:21:31,519:INFO: Early Stop Left: 7
2024-05-02 15:21:33,983:INFO: Epoch: 54 - loss: 0.5947119578 - test_loss: 0.6272122264
2024-05-02 15:21:33,989:INFO: -------- Save Best Model! --------
2024-05-02 15:21:36,282:INFO: Epoch: 55 - loss: 0.5903522626 - test_loss: 0.6188933849
2024-05-02 15:21:36,288:INFO: -------- Save Best Model! --------
2024-05-02 15:21:38,901:INFO: Epoch: 56 - loss: 0.5876477784 - test_loss: 0.6385074258
2024-05-02 15:21:38,901:INFO: Early Stop Left: 9
2024-05-02 15:21:41,343:INFO: Epoch: 57 - loss: 0.5932731750 - test_loss: 0.6446184516
2024-05-02 15:21:41,343:INFO: Early Stop Left: 8
2024-05-02 15:21:43,693:INFO: Epoch: 58 - loss: 0.5893910034 - test_loss: 0.6340209842
2024-05-02 15:21:43,694:INFO: Early Stop Left: 7
2024-05-02 15:21:45,982:INFO: Epoch: 59 - loss: 0.5872810750 - test_loss: 0.6223129034
2024-05-02 15:21:45,982:INFO: Early Stop Left: 6
2024-05-02 15:21:48,399:INFO: Epoch: 60 - loss: 0.5829838098 - test_loss: 0.6452127099
2024-05-02 15:21:48,399:INFO: Early Stop Left: 5
2024-05-02 15:21:50,815:INFO: Epoch: 61 - loss: 0.5750677567 - test_loss: 0.6315279603
2024-05-02 15:21:50,816:INFO: Early Stop Left: 4
2024-05-02 15:21:53,187:INFO: Epoch: 62 - loss: 0.5749679146 - test_loss: 0.6583423615
2024-05-02 15:21:53,188:INFO: Early Stop Left: 3
2024-05-02 15:21:55,527:INFO: Epoch: 63 - loss: 0.5741121376 - test_loss: 0.6255841851
2024-05-02 15:21:55,527:INFO: Early Stop Left: 2
2024-05-02 15:21:57,959:INFO: Epoch: 64 - loss: 0.5761420200 - test_loss: 0.6219397783
2024-05-02 15:21:57,960:INFO: Early Stop Left: 1
2024-05-02 15:22:00,219:INFO: Epoch: 65 - loss: 0.5696018999 - test_loss: 0.6296995282
2024-05-02 15:22:00,219:INFO: Early Stop Left: 0
2024-05-02 15:22:00,219:INFO: -------- Early Stop! --------
2024-05-02 15:22:00,845:INFO: Accuracy: 0.8069000000
2024-05-02 15:22:00,845:INFO: Precision: 0.8069000000, Recall: 0.8069000000, F1: 0.8069000000
